#
# A fatal error has been detected by the Java Runtime Environment:
#
#  EXCEPTION_ACCESS_VIOLATION (0xc0000005) at pc=0x00007ffc54f39fd6, pid=1376, tid=3344
#
# JRE version: Java(TM) SE Runtime Environment (17.0.12+8) (build 17.0.12+8-LTS-286)
# Java VM: Java HotSpot(TM) 64-Bit Server VM (17.0.12+8-LTS-286, mixed mode, emulated-client, sharing, tiered, compressed oops, compressed class ptrs, g1 gc, windows-amd64)
# Problematic frame:
# V  [jvm.dll+0x309fd6]
#
# No core dump will be written. Minidumps are not enabled by default on client versions of Windows
#
# If you would like to submit a bug report, please visit:
#   https://bugreport.java.com/bugreport/crash.jsp
#

---------------  S U M M A R Y ------------

Command Line: -XX:TieredStopAtLevel=1 com.app.ecommerce_management_api.EcommerceManagementApiApplication

Host: 12th Gen Intel(R) Core(TM) i5-12400, 12 cores, 15G,  Windows 11 , 64 bit Build 26100 (10.0.26100.3037)
Time: Fri Feb 21 10:34:59 2025 Hora estándar de Argentina elapsed time: 1.871916 seconds (0d 0h 0m 1s)

---------------  T H R E A D  ---------------

Current thread (0x000002d56d2180d0):  ConcurrentGCThread "G1 Conc#2" [stack: 0x000000e9ca100000,0x000000e9ca200000] [id=3344]

Stack: [0x000000e9ca100000,0x000000e9ca200000],  sp=0x000000e9ca1ff9a8,  free space=1022k
Native frames: (J=compiled Java code, j=interpreted, Vv=VM code, C=native code)
V  [jvm.dll+0x309fd6]


siginfo: EXCEPTION_ACCESS_VIOLATION (0xc0000005), reading address 0x0000000000000088


Registers:
RAX=0x000002d550bde148, RBX=0x0000000703af1600, RCX=0x0000000000000000, RDX=0x000000e9ca1ffc38
RSP=0x000000e9ca1ff9a8, RBP=0x000000e9ca1ffa59, RSI=0x000000e9ca1ffc38, RDI=0x0000000703af1cb0
R8 =0x0000000000000017, R9 =0x0000000703af1600, R10=0x000002d500000000, R11=0x000000000381d786
R12=0x00007ffc54c30000, R13=0x0000000703c00000, R14=0x0000000000000202, R15=0x0000000703c00000
RIP=0x00007ffc54f39fd6, EFLAGS=0x0000000000010246


Register to memory mapping:

RIP=0x00007ffc54f39fd6 jvm.dll
RAX=0x000002d550bde148 points into unknown readable memory: 0x0000000000000000 | 00 00 00 00 00 00 00 00
RBX=0x0000000703af1600 is pointing into object: [Ljava.util.HashMap$Node; 
{0x0000000703af0ca0} - klass: 'java/util/HashMap$Node'[]
 - length: 1024
RCX=0x0 is NULL
RDX=0x000000e9ca1ffc38 points into unknown readable memory: 0x00007ffc5552ff10 | 10 ff 52 55 fc 7f 00 00
RSP=0x000000e9ca1ff9a8 points into unknown readable memory: 0x00007ffc54f3c890 | 90 c8 f3 54 fc 7f 00 00
RBP=0x000000e9ca1ffa59 points into unknown readable memory: 00 c0 03 07 00 00 00
RSI=0x000000e9ca1ffc38 points into unknown readable memory: 0x00007ffc5552ff10 | 10 ff 52 55 fc 7f 00 00
RDI=0x0000000703af1cb0 is an oop: java.lang.Class 
{0x0000000703af1cb0} - klass: 'java/lang/Class'
 - ---- fields (total size 16 words):
 - private volatile transient 'classRedefinedCount' 'I' @12  0
 - private volatile transient 'cachedConstructor' 'Ljava/lang/reflect/Constructor;' @40  NULL (0)
 - private transient 'name' 'Ljava/lang/String;' @44  NULL (0)
 - private transient 'module' 'Ljava/lang/Module;' @48  a 'java/lang/Module'{0x00000007031c1800} (e0638300)
 - private final 'classLoader' 'Ljava/lang/ClassLoader;' @52  NULL (0)
 - private transient 'classData' 'Ljava/lang/Object;' @56  NULL (0)
 - private transient 'packageName' 'Ljava/lang/String;' @60  NULL (0)
 - private final 'componentType' 'Ljava/lang/Class;' @64  NULL (0)
 - private volatile transient 'reflectionData' 'Ljava/lang/ref/SoftReference;' @68  NULL (0)
 - private volatile transient 'genericInfo' 'Lsun/reflect/generics/repository/ClassRepository;' @72  NULL (0)
 - private volatile transient 'enumConstants' '[Ljava/lang/Object;' @76  NULL (0)
 - private volatile transient 'enumConstantDirectory' 'Ljava/util/Map;' @80  NULL (0)
 - private volatile transient 'annotationData' 'Ljava/lang/Class$AnnotationData;' @84  NULL (0)
 - private volatile transient 'annotationType' 'Lsun/reflect/annotation/AnnotationType;' @88  NULL (0)
 - transient 'classValueMap' 'Ljava/lang/ClassValue$ClassValueMap;' @92  NULL (0)
 - signature: Lsun/util/calendar/CalendarDate;
 - fake entry for mirror: 'sun/util/calendar/CalendarDate'
 - fake entry for array: NULL
 - fake entry for oop_size: 16
 - fake entry for static_oop_field_count: 0
 - public static final 'FIELD_UNDEFINED' 'I' @120  -2147483648 (80000000)
 - public static final 'TIME_UNDEFINED' 'J' @112  -9223372036854775808 (0 80000000)
R8 =0x0000000000000017 is an unknown value
R9 =0x0000000703af1600 is pointing into object: [Ljava.util.HashMap$Node; 
{0x0000000703af0ca0} - klass: 'java/util/HashMap$Node'[]
 - length: 1024
R10=0x000002d500000000 is pointing into metadata
R11=0x000000000381d786 is an unknown value
R12=0x00007ffc54c30000 jvm.dll
R13=0x0000000703c00000 is an oop: java.lang.String 
{0x0000000703c00000} - klass: 'java/lang/String'
 - string: "org.springdoc.core.configuration.SpringDocConfiguration.parameterBuilder(org.springdoc.core.utils.PropertyResolverUtils,java.util.Optional,java.util.Optional,org.springdoc.core.providers.ObjectMapperProvider,java.util.Optional)"
R14=0x0000000000000202 is an unknown value
R15=0x0000000703c00000 is an oop: java.lang.String 
{0x0000000703c00000} - klass: 'java/lang/String'
 - string: "org.springdoc.core.configuration.SpringDocConfiguration.parameterBuilder(org.springdoc.core.utils.PropertyResolverUtils,java.util.Optional,java.util.Optional,org.springdoc.core.providers.ObjectMapperProvider,java.util.Optional)"


Top of Stack: (sp=0x000000e9ca1ff9a8)
0x000000e9ca1ff9a8:   00007ffc54f3c890 0000000703af0c58
0x000000e9ca1ff9b8:   0000000000000001 0000000703c00000
0x000000e9ca1ff9c8:   0000000000000004 0000000000005feb
0x000000e9ca1ff9d8:   00007ffc54f416df 0000000703af0ca0
0x000000e9ca1ff9e8:   0000000703b00000 000000e9ca1ffa59
0x000000e9ca1ff9f8:   0000000703aed4b8 0000000703abfff8
0x000000e9ca1ffa08:   0000000000000005 0000000703ac0000
0x000000e9ca1ffa18:   0000000000008000 0000000000000000
0x000000e9ca1ffa28:   0000000000000005 000002d550c28620
0x000000e9ca1ffa38:   00007ffd00f1a391 000002d550bf7fb0
0x000000e9ca1ffa48:   00007ffc552a380f 000002d550c28200
0x000000e9ca1ffa58:   0000000703c00000 0000000703ac0000
0x000000e9ca1ffa68:   0000000000008000 0000000703ac0018
0x000000e9ca1ffa78:   00007ffc553c9437 0000000000000006
0x000000e9ca1ffa88:   0000000000008000 0000000703c00000
0x000000e9ca1ffa98:   000000000003ee10 000000e9ca1ffc20 

Instructions: (pc=0x00007ffc54f39fd6)
0x00007ffc54f39ed6:   1c c1 74 10 4e 89 1c c1 49 8b d1 49 8d 4a 58 e9
0x00007ffc54f39ee6:   d6 16 05 00 c3 cc cc cc cc cc 4c 8b ca 48 8b d1
0x00007ffc54f39ef6:   4d 8b 01 4d 85 c0 74 76 8b 0d 6c f9 7f 00 49 8b
0x00007ffc54f39f06:   c0 49 33 c1 48 d3 e8 48 85 c0 74 62 48 8b 42 10
0x00007ffc54f39f16:   8b 88 c0 01 00 00 48 8b 80 b0 01 00 00 49 d3 e8
0x00007ffc54f39f26:   4a 8b 0c c0 44 8b 42 18 4c 8b 91 88 00 00 00 41
0x00007ffc54f39f36:   83 ba c8 00 00 00 00 74 35 49 8b 82 c0 00 00 00
0x00007ffc54f39f46:   4d 8b d9 49 c1 eb 09 8b 88 90 00 00 00 48 8b 05
0x00007ffc54f39f56:   d6 e3 7f 00 48 8b 0c c8 4e 39 1c c1 74 10 4e 89
0x00007ffc54f39f66:   1c c1 49 8b d1 49 8d 4a 58 e9 4c 16 05 00 c3 cc
0x00007ffc54f39f76:   cc cc cc cc cc cc cc cc cc cc 4c 8b ca 48 8b d1
0x00007ffc54f39f86:   41 8b 01 85 c0 0f 84 8b 00 00 00 8b 0d 21 73 79
0x00007ffc54f39f96:   00 44 8b c0 49 d3 e0 4c 03 05 0c 73 79 00 74 76
0x00007ffc54f39fa6:   8b 0d c4 f8 7f 00 49 8b c0 49 33 c1 48 d3 e8 48
0x00007ffc54f39fb6:   85 c0 74 62 48 8b 42 10 8b 88 c0 01 00 00 48 8b
0x00007ffc54f39fc6:   80 b0 01 00 00 49 d3 e8 4a 8b 0c c0 44 8b 42 18
0x00007ffc54f39fd6:   4c 8b 91 88 00 00 00 41 83 ba c8 00 00 00 00 74
0x00007ffc54f39fe6:   35 49 8b 82 c0 00 00 00 4d 8b d9 49 c1 eb 09 8b
0x00007ffc54f39ff6:   88 90 00 00 00 48 8b 05 2e e3 7f 00 48 8b 0c c8
0x00007ffc54f3a006:   4e 39 1c c1 74 10 4e 89 1c c1 49 8b d1 49 8d 4a
0x00007ffc54f3a016:   58 e9 a4 15 05 00 c3 cc cc cc 48 89 6c 24 10 48
0x00007ffc54f3a026:   89 74 24 18 57 48 83 ec 20 48 8b 32 48 8b fa 48
0x00007ffc54f3a036:   8b e9 48 85 f6 74 73 48 8b 41 10 4c 8b c6 48 89
0x00007ffc54f3a046:   5c 24 30 8b 88 90 05 00 00 48 8b 80 80 05 00 00
0x00007ffc54f3a056:   49 d3 e8 42 0f b7 1c 40 0f b7 c3 66 c1 e8 08 84
0x00007ffc54f3a066:   c0 78 0b 48 8b 4d 18 e8 0e 1e fd ff eb 37 8b 0d
0x00007ffc54f3a076:   f6 f7 7f 00 48 8b c6 48 33 c7 48 d3 e8 48 85 c0
0x00007ffc54f3a086:   74 23 4c 8b ce 4c 8b c7 0f b7 d3 48 8b cd e8 97
0x00007ffc54f3a096:   83 ff ff 48 8b 4d 18 4c 8b ce 4c 8b c7 0f b7 d3
0x00007ffc54f3a0a6:   e8 35 83 ff ff 48 8b 5c 24 30 48 8b 6c 24 38 48
0x00007ffc54f3a0b6:   8b 74 24 40 48 83 c4 20 5f c3 48 89 6c 24 18 57
0x00007ffc54f3a0c6:   48 83 ec 20 8b 02 48 8b fa 48 8b e9 85 c0 0f 84 


Stack slot to memory mapping:
stack at sp + 0 slots: 0x00007ffc54f3c890 jvm.dll
stack at sp + 1 slots: 0x0000000703af0c58 is pointing into object: java.util.concurrent.ConcurrentHashMap$Node 
{0x0000000703af0c40} - klass: 'java/util/concurrent/ConcurrentHashMap$Node'
 - ---- fields (total size 4 words):
 - final 'hash' 'I' @12  670955083 (27fdf64b)
 - final 'key' 'Ljava/lang/Object;' @16  "jakarta.websocket.server.ServerContainer"{0x0000000703922d88} (e07245b1)
 - volatile 'val' 'Ljava/lang/Object;' @20  a 'java/lang/Object'{0x0000000703af0c60} (e075e18c)
 - volatile 'next' 'Ljava/util/concurrent/ConcurrentHashMap$Node;' @24  a 'java/util/concurrent/ConcurrentHashMap$Node'{0x0000000706f832e0} (e0df065c)
stack at sp + 2 slots: 0x0000000000000001 is an unknown value
stack at sp + 3 slots: 0x0000000703c00000 is an oop: java.lang.String 
{0x0000000703c00000} - klass: 'java/lang/String'
 - string: "org.springdoc.core.configuration.SpringDocConfiguration.parameterBuilder(org.springdoc.core.utils.PropertyResolverUtils,java.util.Optional,java.util.Optional,org.springdoc.core.providers.ObjectMapperProvider,java.util.Optional)"
stack at sp + 4 slots: 0x0000000000000004 is an unknown value
stack at sp + 5 slots: 0x0000000000005feb is an unknown value
stack at sp + 6 slots: 0x00007ffc54f416df jvm.dll
stack at sp + 7 slots: 0x0000000703af0ca0 is an oop: [Ljava.util.HashMap$Node; 
{0x0000000703af0ca0} - klass: 'java/util/HashMap$Node'[]
 - length: 1024


---------------  P R O C E S S  ---------------

Threads class SMR info:
_java_thread_list=0x000002d56db235b0, length=17, elements={
0x000002d550bb3a50, 0x000002d567b68bf0, 0x000002d567b6b3d0, 0x000002d56c0110d0,
0x000002d56c0116a0, 0x000002d56c0127e0, 0x000002d56c017930, 0x000002d56c018a70,
0x000002d56c019bf0, 0x000002d56c12b9f0, 0x000002d56c12ff50, 0x000002d56c14d0c0,
0x000002d56c1569b0, 0x000002d56c9887a0, 0x000002d56c8d09b0, 0x000002d56c1304a0,
0x000002d56da665d0
}

Java Threads: ( => current thread )
  0x000002d550bb3a50 JavaThread "main" [_thread_blocked, id=16656, stack(0x000000e9c8000000,0x000000e9c8100000)]
  0x000002d567b68bf0 JavaThread "Reference Handler" daemon [_thread_blocked, id=5328, stack(0x000000e9c8700000,0x000000e9c8800000)]
  0x000002d567b6b3d0 JavaThread "Finalizer" daemon [_thread_blocked, id=2248, stack(0x000000e9c8800000,0x000000e9c8900000)]
  0x000002d56c0110d0 JavaThread "Signal Dispatcher" daemon [_thread_blocked, id=4284, stack(0x000000e9c8900000,0x000000e9c8a00000)]
  0x000002d56c0116a0 JavaThread "Attach Listener" daemon [_thread_blocked, id=428, stack(0x000000e9c8a00000,0x000000e9c8b00000)]
  0x000002d56c0127e0 JavaThread "Service Thread" daemon [_thread_blocked, id=1980, stack(0x000000e9c8b00000,0x000000e9c8c00000)]
  0x000002d56c017930 JavaThread "Monitor Deflation Thread" daemon [_thread_blocked, id=10248, stack(0x000000e9c8c00000,0x000000e9c8d00000)]
  0x000002d56c018a70 JavaThread "C1 CompilerThread0" daemon [_thread_blocked, id=2284, stack(0x000000e9c8d00000,0x000000e9c8e00000)]
  0x000002d56c019bf0 JavaThread "Sweeper thread" daemon [_thread_blocked, id=2892, stack(0x000000e9c8e00000,0x000000e9c8f00000)]
  0x000002d56c12b9f0 JavaThread "C1 CompilerThread1" daemon [_thread_blocked, id=4448, stack(0x000000e9c8f00000,0x000000e9c9000000)]
  0x000002d56c12ff50 JavaThread "C1 CompilerThread2" daemon [_thread_blocked, id=19492, stack(0x000000e9c9000000,0x000000e9c9100000)]
  0x000002d56c14d0c0 JavaThread "Notification Thread" daemon [_thread_blocked, id=10304, stack(0x000000e9c9100000,0x000000e9c9200000)]
  0x000002d56c1569b0 JavaThread "Common-Cleaner" daemon [_thread_blocked, id=6396, stack(0x000000e9c9300000,0x000000e9c9400000)]
  0x000002d56c9887a0 JavaThread "Thread-0" [_thread_blocked, id=7016, stack(0x000000e9c9400000,0x000000e9c9500000)]
  0x000002d56c8d09b0 JavaThread "restartedMain" [_thread_in_native, id=10080, stack(0x000000e9c9a00000,0x000000e9c9b00000)]
  0x000002d56c1304a0 JavaThread "C1 CompilerThread3" daemon [_thread_blocked, id=12184, stack(0x000000e9c9e00000,0x000000e9c9f00000)]
  0x000002d56da665d0 JavaThread "mysql-cj-abandoned-connection-cleanup" daemon [_thread_blocked, id=11316, stack(0x000000e9ca300000,0x000000e9ca400000)]

Other Threads:
  0x000002d567b5f1b0 VMThread "VM Thread" [stack: 0x000000e9c8600000,0x000000e9c8700000] [id=7380]
  0x000002d550c46790 WatcherThread [stack: 0x000000e9c9200000,0x000000e9c9300000] [id=14880]
  0x000002d550c27be0 GCTaskThread "GC Thread#0" [stack: 0x000000e9c8100000,0x000000e9c8200000] [id=13432]
  0x000002d56c95b4e0 GCTaskThread "GC Thread#1" [stack: 0x000000e9c9500000,0x000000e9c9600000] [id=18844]
  0x000002d56c95b7a0 GCTaskThread "GC Thread#2" [stack: 0x000000e9c9600000,0x000000e9c9700000] [id=1948]
  0x000002d56c95ba60 GCTaskThread "GC Thread#3" [stack: 0x000000e9c9700000,0x000000e9c9800000] [id=14604]
  0x000002d56c95bd20 GCTaskThread "GC Thread#4" [stack: 0x000000e9c9800000,0x000000e9c9900000] [id=6364]
  0x000002d56c95c3e0 GCTaskThread "GC Thread#5" [stack: 0x000000e9c9900000,0x000000e9c9a00000] [id=11128]
  0x000002d56cb7c010 GCTaskThread "GC Thread#6" [stack: 0x000000e9c9c00000,0x000000e9c9d00000] [id=7500]
  0x000002d56cb7d360 GCTaskThread "GC Thread#7" [stack: 0x000000e9c9d00000,0x000000e9c9e00000] [id=6248]
  0x000002d56d0cdc30 GCTaskThread "GC Thread#8" [stack: 0x000000e9c9b00000,0x000000e9c9c00000] [id=14660]
  0x000002d56d0e1370 GCTaskThread "GC Thread#9" [stack: 0x000000e9c9f00000,0x000000e9ca000000] [id=908]
  0x000002d550c389a0 ConcurrentGCThread "G1 Main Marker" [stack: 0x000000e9c8200000,0x000000e9c8300000] [id=4148]
  0x000002d550c3bde0 ConcurrentGCThread "G1 Conc#0" [stack: 0x000000e9c8300000,0x000000e9c8400000] [id=4948]
  0x000002d56d1f7d80 ConcurrentGCThread "G1 Conc#1" [stack: 0x000000e9ca000000,0x000000e9ca100000] [id=6856]
=>0x000002d56d2180d0 ConcurrentGCThread "G1 Conc#2" [stack: 0x000000e9ca100000,0x000000e9ca200000] [id=3344]
  0x000002d567a14590 ConcurrentGCThread "G1 Refine#0" [stack: 0x000000e9c8400000,0x000000e9c8500000] [id=5584]
  0x000002d56d870680 ConcurrentGCThread "G1 Refine#1" [stack: 0x000000e9ca200000,0x000000e9ca300000] [id=8456]
  0x000002d567a14880 ConcurrentGCThread "G1 Service" [stack: 0x000000e9c8500000,0x000000e9c8600000] [id=14856]

Threads with active compile tasks:

VM state: not at safepoint (normal execution)

VM Mutex/Monitor currently owned by a thread: None

Heap address: 0x0000000702e00000, size: 4050 MB, Compressed Oops mode: Zero based, Oop shift amount: 3

CDS archive(s) mapped at: [0x000002d500000000-0x000002d500bd0000-0x000002d500bd0000), size 12386304, SharedBaseAddress: 0x000002d500000000, ArchiveRelocationMode: 1.
Compressed class space mapped at: 0x000002d501000000-0x000002d541000000, reserved size: 1073741824
Narrow klass base: 0x000002d500000000, Narrow klass shift: 0, Narrow klass range: 0x100000000

GC Precious Log:
 CPUs: 12 total, 12 available
 Memory: 16193M
 Large Page Support: Disabled
 NUMA Support: Disabled
 Compressed Oops: Enabled (Zero based)
 Heap Region Size: 2M
 Heap Min Capacity: 8M
 Heap Initial Capacity: 254M
 Heap Max Capacity: 4050M
 Pre-touch: Disabled
 Parallel Workers: 10
 Concurrent Workers: 3
 Concurrent Refinement Workers: 10
 Periodic GC: Disabled

Heap:
 garbage-first heap   total 83968K, used 24217K [0x0000000702e00000, 0x0000000800000000)
  region size 2048K, 4 young (8192K), 2 survivors (4096K)
 Metaspace       used 36278K, committed 36672K, reserved 1114112K
  class space    used 5251K, committed 5440K, reserved 1048576K

Heap Regions: E=young(eden), S=young(survivor), O=old, HS=humongous(starts), HC=humongous(continues), CS=collection set, F=free, OA=open archive, CA=closed archive, TAMS=top-at-mark-start (previous, next)
|   0|0x0000000702e00000, 0x0000000703000000, 0x0000000703000000|100%| O|  |TAMS 0x0000000703000000, 0x0000000702e00000| Updating 
|   1|0x0000000703000000, 0x0000000703200000, 0x0000000703200000|100%| O|  |TAMS 0x0000000703200000, 0x0000000703000000| Untracked 
|   2|0x0000000703200000, 0x0000000703400000, 0x0000000703400000|100%| O|  |TAMS 0x0000000703400000, 0x0000000703200000| Untracked 
|   3|0x0000000703400000, 0x0000000703551a00, 0x0000000703600000| 65%| O|  |TAMS 0x0000000703551a00, 0x0000000703400000| Updating 
|   4|0x0000000703600000, 0x0000000703800000, 0x0000000703800000|100%| O|  |TAMS 0x0000000703800000, 0x0000000703600000| Untracked 
|   5|0x0000000703800000, 0x0000000703a00000, 0x0000000703a00000|100%| O|  |TAMS 0x0000000703a00000, 0x0000000703800000| Untracked 
|   6|0x0000000703a00000, 0x0000000703c00000, 0x0000000703c00000|100%| O|  |TAMS 0x0000000703c00000, 0x0000000703a00000| Untracked 
|   7|0x0000000703c00000, 0x0000000703e00000, 0x0000000703e00000|100%| O|  |TAMS 0x0000000703e00000, 0x0000000703c00000| Untracked 
|   8|0x0000000703e00000, 0x0000000703f57400, 0x0000000704000000| 67%| O|  |TAMS 0x0000000703e00000, 0x0000000703e00000| Updating 
|   9|0x0000000704000000, 0x0000000704000000, 0x0000000704200000|  0%| F|  |TAMS 0x0000000704000000, 0x0000000704000000| Untracked 
|  10|0x0000000704200000, 0x0000000704200000, 0x0000000704400000|  0%| F|  |TAMS 0x0000000704200000, 0x0000000704200000| Untracked 
|  11|0x0000000704400000, 0x0000000704600000, 0x0000000704600000|100%| O|  |TAMS 0x0000000704443c00, 0x0000000704400000| Untracked 
|  12|0x0000000704600000, 0x0000000704600000, 0x0000000704800000|  0%| F|  |TAMS 0x0000000704600000, 0x0000000704600000| Untracked 
|  13|0x0000000704800000, 0x0000000704800000, 0x0000000704a00000|  0%| F|  |TAMS 0x0000000704800000, 0x0000000704800000| Untracked 
|  14|0x0000000704a00000, 0x0000000704a00000, 0x0000000704c00000|  0%| F|  |TAMS 0x0000000704a00000, 0x0000000704a00000| Untracked 
|  15|0x0000000704c00000, 0x0000000704c00000, 0x0000000704e00000|  0%| F|  |TAMS 0x0000000704c00000, 0x0000000704c00000| Untracked 
|  16|0x0000000704e00000, 0x0000000704e00000, 0x0000000705000000|  0%| F|  |TAMS 0x0000000704e00000, 0x0000000704e00000| Untracked 
|  17|0x0000000705000000, 0x0000000705000000, 0x0000000705200000|  0%| F|  |TAMS 0x0000000705000000, 0x0000000705000000| Untracked 
|  18|0x0000000705200000, 0x0000000705200000, 0x0000000705400000|  0%| F|  |TAMS 0x0000000705200000, 0x0000000705200000| Untracked 
|  19|0x0000000705400000, 0x0000000705400000, 0x0000000705600000|  0%| F|  |TAMS 0x0000000705400000, 0x0000000705400000| Untracked 
|  20|0x0000000705600000, 0x0000000705600000, 0x0000000705800000|  0%| F|  |TAMS 0x0000000705600000, 0x0000000705600000| Untracked 
|  21|0x0000000705800000, 0x0000000705800000, 0x0000000705a00000|  0%| F|  |TAMS 0x0000000705800000, 0x0000000705800000| Untracked 
|  22|0x0000000705a00000, 0x0000000705a00000, 0x0000000705c00000|  0%| F|  |TAMS 0x0000000705a00000, 0x0000000705a00000| Untracked 
|  23|0x0000000705c00000, 0x0000000705c00000, 0x0000000705e00000|  0%| F|  |TAMS 0x0000000705c00000, 0x0000000705c00000| Untracked 
|  24|0x0000000705e00000, 0x0000000705e00000, 0x0000000706000000|  0%| F|  |TAMS 0x0000000705e00000, 0x0000000705e00000| Untracked 
|  25|0x0000000706000000, 0x0000000706000000, 0x0000000706200000|  0%| F|  |TAMS 0x0000000706000000, 0x0000000706000000| Untracked 
|  26|0x0000000706200000, 0x0000000706200000, 0x0000000706400000|  0%| F|  |TAMS 0x0000000706200000, 0x0000000706200000| Untracked 
|  27|0x0000000706400000, 0x0000000706400000, 0x0000000706600000|  0%| F|  |TAMS 0x0000000706400000, 0x0000000706400000| Untracked 
|  28|0x0000000706600000, 0x0000000706600000, 0x0000000706800000|  0%| F|  |TAMS 0x0000000706600000, 0x0000000706600000| Untracked 
|  29|0x0000000706800000, 0x0000000706800000, 0x0000000706a00000|  0%| F|  |TAMS 0x0000000706800000, 0x0000000706800000| Untracked 
|  30|0x0000000706a00000, 0x0000000706a00000, 0x0000000706c00000|  0%| F|  |TAMS 0x0000000706a00000, 0x0000000706a00000| Untracked 
|  31|0x0000000706c00000, 0x0000000706cfd650, 0x0000000706e00000| 49%| S|CS|TAMS 0x0000000706c00000, 0x0000000706c00000| Complete 
|  32|0x0000000706e00000, 0x0000000707000000, 0x0000000707000000|100%| S|CS|TAMS 0x0000000706e00000, 0x0000000706e00000| Complete 
|  33|0x0000000707000000, 0x0000000707000000, 0x0000000707200000|  0%| F|  |TAMS 0x0000000707000000, 0x0000000707000000| Untracked 
|  34|0x0000000707200000, 0x0000000707200000, 0x0000000707400000|  0%| F|  |TAMS 0x0000000707200000, 0x0000000707200000| Untracked 
| 104|0x000000070fe00000, 0x000000070fe00000, 0x0000000710000000|  0%| F|  |TAMS 0x000000070fe00000, 0x000000070fe00000| Untracked 
| 105|0x0000000710000000, 0x0000000710000000, 0x0000000710200000|  0%| F|  |TAMS 0x0000000710000000, 0x0000000710000000| Untracked 
| 106|0x0000000710200000, 0x0000000710200000, 0x0000000710400000|  0%| F|  |TAMS 0x0000000710200000, 0x0000000710200000| Untracked 
| 107|0x0000000710400000, 0x0000000710400000, 0x0000000710600000|  0%| F|  |TAMS 0x0000000710400000, 0x0000000710400000| Untracked 
| 108|0x0000000710600000, 0x00000007107dda78, 0x0000000710800000| 93%| E|  |TAMS 0x0000000710600000, 0x0000000710600000| Complete 
| 126|0x0000000712a00000, 0x0000000712c00000, 0x0000000712c00000|100%| E|CS|TAMS 0x0000000712a00000, 0x0000000712a00000| Complete 

Card table byte_map: [0x000002d55bf90000,0x000002d55c780000] _byte_map_base: 0x000002d558779000

Marking Bits (Prev, Next): (CMBitMap*) 0x000002d550c28200, (CMBitMap*) 0x000002d550c28240
 Prev Bits: [0x000002d55cf70000, 0x000002d560eb8000)
 Next Bits: [0x000002d560ec0000, 0x000002d564e08000)

Polling page: 0x000002d54eaf0000

Metaspace:

Usage:
  Non-class:     30.32 MB used.
      Class:      5.13 MB used.
       Both:     35.45 MB used.

Virtual space:
  Non-class space:       64.00 MB reserved,      30.56 MB ( 48%) committed,  1 nodes.
      Class space:        1.00 GB reserved,       5.31 MB ( <1%) committed,  1 nodes.
             Both:        1.06 GB reserved,      35.88 MB (  3%) committed. 

Chunk freelists:
   Non-Class:  928.00 KB
       Class:  10.64 MB
        Both:  11.55 MB

MaxMetaspaceSize: unlimited
CompressedClassSpaceSize: 1.00 GB
Initial GC threshold: 21.00 MB
Current GC threshold: 58.75 MB
CDS: on
MetaspaceReclaimPolicy: balanced
 - commit_granule_bytes: 65536.
 - commit_granule_words: 8192.
 - virtual_space_node_default_size: 8388608.
 - enlarge_chunks_in_place: 1.
 - new_chunks_are_fully_committed: 0.
 - uncommit_free_chunks: 1.
 - use_allocation_guard: 0.
 - handle_deallocations: 1.


Internal statistics:

num_allocs_failed_limit: 6.
num_arena_births: 554.
num_arena_deaths: 0.
num_vsnodes_births: 2.
num_vsnodes_deaths: 0.
num_space_committed: 574.
num_space_uncommitted: 0.
num_chunks_returned_to_freelist: 6.
num_chunks_taken_from_freelist: 1938.
num_chunk_merges: 6.
num_chunk_splits: 1371.
num_chunks_enlarged: 1051.
num_inconsistent_stats: 0.

CodeCache: size=49152Kb used=9335Kb max_used=9335Kb free=39816Kb
 bounds [0x000002d558470000, 0x000002d558d90000, 0x000002d55b470000]
 total_blobs=4657 nmethods=4143 adapters=438
 compilation: enabled
              stopped_count=0, restarted_count=0
 full_count=0

Compilation events (20 events):
Event: 1.834 Thread 0x000002d56c12b9f0 4114       1       java.util.AbstractList::iterator (9 bytes)
Event: 1.834 Thread 0x000002d56c12b9f0 nmethod 4114 0x000002d558d84110 code [0x000002d558d842a0, 0x000002d558d84438]
Event: 1.836 Thread 0x000002d56c1304a0 4115       1       net.bytebuddy.description.method.MethodDescription$ForLoadedMethod::getDeclaringType (14 bytes)
Event: 1.836 Thread 0x000002d56c1304a0 nmethod 4115 0x000002d558d84510 code [0x000002d558d846c0, 0x000002d558d84988]
Event: 1.837 Thread 0x000002d56c12b9f0 4116       1       net.bytebuddy.description.type.TypeDescription$AbstractBase::equals (60 bytes)
Event: 1.837 Thread 0x000002d56c12ff50 4117       1       net.bytebuddy.description.type.TypeDefinition$Sort::isNonGeneric (13 bytes)
Event: 1.837 Thread 0x000002d56c12ff50 nmethod 4117 0x000002d558d84b10 code [0x000002d558d84ca0, 0x000002d558d84d78]
Event: 1.837 Thread 0x000002d56c018a70 4118       1       net.bytebuddy.description.type.TypeDescription$Generic$LazyProjection$WithEagerNavigation$OfAnnotatedElement::<init> (5 bytes)
Event: 1.837 Thread 0x000002d56c12ff50 4119       1       net.bytebuddy.description.type.TypeDescription$Generic$LazyProjection$WithEagerNavigation::<init> (5 bytes)
Event: 1.837 Thread 0x000002d56c1304a0 4120       1       net.bytebuddy.description.type.TypeDescription$Generic$LazyProjection::<init> (5 bytes)
Event: 1.837 Thread 0x000002d56c12ff50 nmethod 4119 0x000002d558d84e10 code [0x000002d558d84fa0, 0x000002d558d85058]
Event: 1.837 Thread 0x000002d56c018a70 nmethod 4118 0x000002d558d85110 code [0x000002d558d852a0, 0x000002d558d85358]
Event: 1.837 Thread 0x000002d56c1304a0 nmethod 4120 0x000002d558d85410 code [0x000002d558d855a0, 0x000002d558d85658]
Event: 1.837 Thread 0x000002d56c12b9f0 nmethod 4116 0x000002d558d85710 code [0x000002d558d85940, 0x000002d558d85da8]
Event: 1.852 Thread 0x000002d56c12b9f0 4121       1       java.util.stream.ReferencePipeline::iterator (8 bytes)
Event: 1.852 Thread 0x000002d56c1304a0 4122       1       java.util.Spliterators::iterator (14 bytes)
Event: 1.852 Thread 0x000002d56c018a70 4123       1       java.util.Spliterators$1Adapter::<init> (15 bytes)
Event: 1.852 Thread 0x000002d56c018a70 nmethod 4123 0x000002d558d86090 code [0x000002d558d86220, 0x000002d558d86338]
Event: 1.852 Thread 0x000002d56c12b9f0 nmethod 4121 0x000002d558d86390 code [0x000002d558d86540, 0x000002d558d86778]
Event: 1.852 Thread 0x000002d56c1304a0 nmethod 4122 0x000002d558d86890 code [0x000002d558d86a40, 0x000002d558d86c48]

GC Heap History (14 events):
Event: 0.268 GC heap before
{Heap before GC invocations=0 (full 0):
 garbage-first heap   total 260096K, used 20480K [0x0000000702e00000, 0x0000000800000000)
  region size 2048K, 11 young (22528K), 0 survivors (0K)
 Metaspace       used 4015K, committed 4160K, reserved 1114112K
  class space    used 532K, committed 576K, reserved 1048576K
}
Event: 0.271 GC heap after
{Heap after GC invocations=1 (full 0):
 garbage-first heap   total 260096K, used 7915K [0x0000000702e00000, 0x0000000800000000)
  region size 2048K, 2 young (4096K), 2 survivors (4096K)
 Metaspace       used 4015K, committed 4160K, reserved 1114112K
  class space    used 532K, committed 576K, reserved 1048576K
}
Event: 0.505 GC heap before
{Heap before GC invocations=1 (full 0):
 garbage-first heap   total 260096K, used 30443K [0x0000000702e00000, 0x0000000800000000)
  region size 2048K, 13 young (26624K), 2 survivors (4096K)
 Metaspace       used 8588K, committed 8896K, reserved 1114112K
  class space    used 1271K, committed 1408K, reserved 1048576K
}
Event: 0.508 GC heap after
{Heap after GC invocations=2 (full 0):
 garbage-first heap   total 260096K, used 9424K [0x0000000702e00000, 0x0000000800000000)
  region size 2048K, 1 young (2048K), 1 survivors (2048K)
 Metaspace       used 8588K, committed 8896K, reserved 1114112K
  class space    used 1271K, committed 1408K, reserved 1048576K
}
Event: 0.797 GC heap before
{Heap before GC invocations=2 (full 0):
 garbage-first heap   total 260096K, used 60624K [0x0000000702e00000, 0x0000000800000000)
  region size 2048K, 27 young (55296K), 1 survivors (2048K)
 Metaspace       used 18173K, committed 18432K, reserved 1114112K
  class space    used 2526K, committed 2624K, reserved 1048576K
}
Event: 0.801 GC heap after
{Heap after GC invocations=3 (full 0):
 garbage-first heap   total 260096K, used 14158K [0x0000000702e00000, 0x0000000800000000)
  region size 2048K, 4 young (8192K), 4 survivors (8192K)
 Metaspace       used 18173K, committed 18432K, reserved 1114112K
  class space    used 2526K, committed 2624K, reserved 1048576K
}
Event: 1.049 GC heap before
{Heap before GC invocations=3 (full 0):
 garbage-first heap   total 260096K, used 48974K [0x0000000702e00000, 0x0000000800000000)
  region size 2048K, 22 young (45056K), 4 survivors (8192K)
 Metaspace       used 21249K, committed 21504K, reserved 1114112K
  class space    used 2939K, committed 3072K, reserved 1048576K
}
Event: 1.052 GC heap after
{Heap after GC invocations=4 (full 0):
 garbage-first heap   total 260096K, used 16030K [0x0000000702e00000, 0x0000000800000000)
  region size 2048K, 5 young (10240K), 5 survivors (10240K)
 Metaspace       used 21249K, committed 21504K, reserved 1114112K
  class space    used 2939K, committed 3072K, reserved 1048576K
}
Event: 1.367 GC heap before
{Heap before GC invocations=5 (full 0):
 garbage-first heap   total 69632K, used 50846K [0x0000000702e00000, 0x0000000800000000)
  region size 2048K, 23 young (47104K), 5 survivors (10240K)
 Metaspace       used 26030K, committed 26368K, reserved 1114112K
  class space    used 3737K, committed 3904K, reserved 1048576K
}
Event: 1.372 GC heap after
{Heap after GC invocations=6 (full 0):
 garbage-first heap   total 83968K, used 19503K [0x0000000702e00000, 0x0000000800000000)
  region size 2048K, 3 young (6144K), 3 survivors (6144K)
 Metaspace       used 26030K, committed 26368K, reserved 1114112K
  class space    used 3737K, committed 3904K, reserved 1048576K
}
Event: 1.727 GC heap before
{Heap before GC invocations=6 (full 0):
 garbage-first heap   total 83968K, used 58415K [0x0000000702e00000, 0x0000000800000000)
  region size 2048K, 22 young (45056K), 3 survivors (6144K)
 Metaspace       used 32489K, committed 32960K, reserved 1114112K
  class space    used 4613K, committed 4864K, reserved 1048576K
}
Event: 1.730 GC heap after
{Heap after GC invocations=7 (full 0):
 garbage-first heap   total 83968K, used 21776K [0x0000000702e00000, 0x0000000800000000)
  region size 2048K, 3 young (6144K), 3 survivors (6144K)
 Metaspace       used 32489K, committed 32960K, reserved 1114112K
  class space    used 4613K, committed 4864K, reserved 1048576K
}
Event: 1.854 GC heap before
{Heap before GC invocations=7 (full 0):
 garbage-first heap   total 83968K, used 36112K [0x0000000702e00000, 0x0000000800000000)
  region size 2048K, 11 young (22528K), 3 survivors (6144K)
 Metaspace       used 35533K, committed 35968K, reserved 1114112K
  class space    used 5140K, committed 5376K, reserved 1048576K
}
Event: 1.857 GC heap after
{Heap after GC invocations=8 (full 0):
 garbage-first heap   total 83968K, used 22169K [0x0000000702e00000, 0x0000000800000000)
  region size 2048K, 2 young (4096K), 2 survivors (4096K)
 Metaspace       used 35533K, committed 35968K, reserved 1114112K
  class space    used 5140K, committed 5376K, reserved 1048576K
}

Deoptimization events (0 events):
No events

Classes unloaded (0 events):
No events

Classes redefined (0 events):
No events

Internal exceptions (20 events):
Event: 1.241 Thread 0x000002d56c8d09b0 Exception <a 'java/lang/NoClassDefFoundError'{0x00000007053c2a20}: org/springframework/session/jdbc/JdbcIndexedSessionRepository> (0x00000007053c2a20) 
thrown [s\open\src\hotspot\share\classfile\systemDictionary.cpp, line 245]
Event: 1.326 Thread 0x000002d56c8d09b0 Exception <a 'java/lang/NoSuchMethodError'{0x0000000704bebb08}: 'void java.lang.invoke.DirectMethodHandle$Holder.invokeStatic(java.lang.Object, java.lang.Object, int)'> (0x0000000704bebb08) 
thrown [s\open\src\hotspot\share\interpreter\linkResolver.cpp, line 759]
Event: 1.343 Thread 0x000002d56c8d09b0 Exception <a 'java/lang/NoSuchMethodError'{0x000000070461bc90}: 'void java.lang.invoke.DirectMethodHandle$Holder.invokeInterface(java.lang.Object, java.lang.Object, int)'> (0x000000070461bc90) 
thrown [s\open\src\hotspot\share\interpreter\linkResolver.cpp, line 759]
Event: 1.344 Thread 0x000002d56c8d09b0 Exception <a 'java/lang/IncompatibleClassChangeError'{0x000000070466ba30}: Found class java.lang.Object, but interface was expected> (0x000000070466ba30) 
thrown [s\open\src\hotspot\share\interpreter\linkResolver.cpp, line 826]
Event: 1.344 Thread 0x000002d56c8d09b0 Exception <a 'java/lang/NoSuchMethodError'{0x000000070467c568}: 'int java.lang.invoke.DirectMethodHandle$Holder.invokeSpecialIFC(java.lang.Object, java.lang.Object, java.lang.Object)'> (0x000000070467c568) 
thrown [s\open\src\hotspot\share\interpreter\linkResolver.cpp, line 759]
Event: 1.345 Thread 0x000002d56c8d09b0 Exception <a 'java/lang/NoSuchMethodError'{0x00000007046959e0}: 'void java.lang.invoke.DirectMethodHandle$Holder.invokeStatic(java.lang.Object, int, java.lang.Object)'> (0x00000007046959e0) 
thrown [s\open\src\hotspot\share\interpreter\linkResolver.cpp, line 759]
Event: 1.346 Thread 0x000002d56c8d09b0 Exception <a 'java/lang/NoSuchMethodError'{0x00000007046d2c20}: 'void java.lang.invoke.DirectMethodHandle$Holder.invokeVirtual(java.lang.Object, java.lang.Object, int)'> (0x00000007046d2c20) 
thrown [s\open\src\hotspot\share\interpreter\linkResolver.cpp, line 759]
Event: 1.347 Thread 0x000002d56c8d09b0 Exception <a 'java/lang/NoSuchMethodError'{0x00000007046d8e68}: 'void java.lang.invoke.DirectMethodHandle$Holder.invokeStatic(java.lang.Object, java.lang.Object, java.lang.Object, int, java.lang.Object)'> (0x00000007046d8e68) 
thrown [s\open\src\hotspot\share\interpreter\linkResolver.cpp, line 759]
Event: 1.347 Thread 0x000002d56c8d09b0 Exception <a 'java/lang/NoSuchMethodError'{0x00000007046e02e8}: 'java.lang.Object java.lang.invoke.DirectMethodHandle$Holder.newInvokeSpecial(java.lang.Object, java.lang.Object, java.lang.Object, int)'> (0x00000007046e02e8) 
thrown [s\open\src\hotspot\share\interpreter\linkResolver.cpp, line 759]
Event: 1.347 Thread 0x000002d56c8d09b0 Exception <a 'java/lang/NoSuchMethodError'{0x00000007046e45d0}: 'java.lang.Object java.lang.invoke.DirectMethodHandle$Holder.invokeSpecial(java.lang.Object, java.lang.Object, java.lang.Object, java.lang.Object, int)'> (0x00000007046e45d0) 
thrown [s\open\src\hotspot\share\interpreter\linkResolver.cpp, line 759]
Event: 1.347 Thread 0x000002d56c8d09b0 Exception <a 'java/lang/NoSuchMethodError'{0x00000007046e8198}: 'java.lang.Object java.lang.invoke.Invokers$Holder.linkToTargetMethod(java.lang.Object, java.lang.Object, int, java.lang.Object)'> (0x00000007046e8198) 
thrown [s\open\src\hotspot\share\interpreter\linkResolver.cpp, line 759]
Event: 1.384 Thread 0x000002d56c8d09b0 Exception <a 'java/lang/NoSuchMethodError'{0x0000000712b1fe38}: 'java.lang.Object java.lang.invoke.DirectMethodHandle$Holder.invokeStaticInit(java.lang.Object, int, int, int, int)'> (0x0000000712b1fe38) 
thrown [s\open\src\hotspot\share\interpreter\linkResolver.cpp, line 759]
Event: 1.415 Thread 0x000002d56c8d09b0 Exception <a 'java/lang/NoSuchMethodError'{0x000000071064e1a8}: 'java.lang.Object java.lang.invoke.DirectMethodHandle$Holder.invokeStaticInit(java.lang.Object, java.lang.Object, int, int, int, int)'> (0x000000071064e1a8) 
thrown [s\open\src\hotspot\share\interpreter\linkResolver.cpp, line 759]
Event: 1.476 Thread 0x000002d56c8d09b0 Exception <a 'sun/nio/fs/WindowsException'{0x000000070fe3b2a8}> (0x000000070fe3b2a8) 
thrown [s\open\src\hotspot\share\prims\jni.cpp, line 516]
Event: 1.477 Thread 0x000002d56c8d09b0 Exception <a 'sun/nio/fs/WindowsException'{0x000000070fe40d38}> (0x000000070fe40d38) 
thrown [s\open\src\hotspot\share\prims\jni.cpp, line 516]
Event: 1.477 Thread 0x000002d56c8d09b0 Exception <a 'sun/nio/fs/WindowsException'{0x000000070fe41430}> (0x000000070fe41430) 
thrown [s\open\src\hotspot\share\prims\jni.cpp, line 516]
Event: 1.512 Thread 0x000002d56c8d09b0 Exception <a 'java/io/FileNotFoundException'{0x00000007072bab68}> (0x00000007072bab68) 
thrown [s\open\src\hotspot\share\prims\jni.cpp, line 516]
Event: 1.524 Thread 0x000002d56c8d09b0 Exception <a 'java/lang/NoSuchMethodError'{0x0000000707092d58}: 'int java.lang.invoke.DirectMethodHandle$Holder.invokeInterface(java.lang.Object, java.lang.Object, java.lang.Object, java.lang.Object)'> (0x0000000707092d58) 
thrown [s\open\src\hotspot\share\interpreter\linkResolver.cpp, line 759]
Event: 1.592 Thread 0x000002d56c8d09b0 Exception <a 'sun/nio/fs/WindowsException'{0x000000070692c8d0}> (0x000000070692c8d0) 
thrown [s\open\src\hotspot\share\prims\jni.cpp, line 516]
Event: 1.611 Thread 0x000002d56c8d09b0 Exception <a 'java/lang/NoSuchMethodError'{0x00000007066d6f98}: 'java.lang.Object java.lang.invoke.Invokers$Holder.invoke_MT(java.lang.Object, java.lang.Object, java.lang.Object)'> (0x00000007066d6f98) 
thrown [s\open\src\hotspot\share\interpreter\linkResolver.cpp, line 759]

VM Operations (20 events):
Event: 1.320 Executing VM operation: ICBufferFull
Event: 1.320 Executing VM operation: ICBufferFull done
Event: 1.366 Executing VM operation: HandshakeAllThreads
Event: 1.366 Executing VM operation: HandshakeAllThreads done
Event: 1.367 Executing VM operation: G1CollectForAllocation
Event: 1.372 Executing VM operation: G1CollectForAllocation done
Event: 1.378 Executing VM operation: HandshakeAllThreads
Event: 1.378 Executing VM operation: HandshakeAllThreads done
Event: 1.455 Executing VM operation: HandshakeAllThreads
Event: 1.455 Executing VM operation: HandshakeAllThreads done
Event: 1.501 Executing VM operation: HandshakeAllThreads
Event: 1.501 Executing VM operation: HandshakeAllThreads done
Event: 1.641 Executing VM operation: HandshakeAllThreads
Event: 1.641 Executing VM operation: HandshakeAllThreads done
Event: 1.727 Executing VM operation: G1CollectForAllocation
Event: 1.730 Executing VM operation: G1CollectForAllocation done
Event: 1.854 Executing VM operation: CollectForMetadataAllocation
Event: 1.857 Executing VM operation: CollectForMetadataAllocation done
Event: 1.864 Executing VM operation: G1Concurrent
Event: 1.865 Executing VM operation: G1Concurrent done

Events (20 events):
Event: 1.740 loading class javax/xml/stream/XMLEventReader done
Event: 1.741 loading class javax/xml/stream/XMLEventFactory
Event: 1.742 loading class javax/xml/stream/XMLEventFactory done
Event: 1.742 loading class javax/xml/stream/FactoryFinder
Event: 1.742 loading class javax/xml/stream/FactoryFinder done
Event: 1.742 loading class javax/xml/stream/FactoryFinder$1
Event: 1.742 loading class javax/xml/stream/FactoryFinder$1 done
Event: 1.743 loading class com/sun/xml/internal/stream/events/XMLEventFactoryImpl
Event: 1.743 loading class com/sun/xml/internal/stream/events/XMLEventFactoryImpl done
Event: 1.756 loading class java/lang/Process
Event: 1.756 loading class java/lang/Process done
Event: 1.761 loading class java/lang/reflect/GenericSignatureFormatError
Event: 1.761 loading class java/lang/reflect/GenericSignatureFormatError done
Event: 1.772 Loaded shared library C:\Program Files\Java\jdk-17\bin\verify.dll
Event: 1.857 loading class javax/naming/InvalidNameException
Event: 1.857 loading class javax/naming/InvalidNameException done
Event: 1.857 loading class javax/naming/event/NamingListener
Event: 1.858 loading class javax/naming/event/NamingListener done
Event: 1.858 loading class javax/naming/event/NamespaceChangeListener
Event: 1.859 loading class javax/naming/event/NamespaceChangeListener done


Dynamic libraries:
0x00007ff73fd70000 - 0x00007ff73fd80000 	C:\Program Files\Java\jdk-17\bin\java.exe
0x00007ffd033e0000 - 0x00007ffd03643000 	C:\WINDOWS\SYSTEM32\ntdll.dll
0x00007ffd01620000 - 0x00007ffd016e7000 	C:\WINDOWS\System32\KERNEL32.DLL
0x00007ffd00e50000 - 0x00007ffd01217000 	C:\WINDOWS\System32\KERNELBASE.dll
0x00007ffd00a90000 - 0x00007ffd00bdc000 	C:\WINDOWS\System32\ucrtbase.dll
0x00007ffce86b0000 - 0x00007ffce86c9000 	C:\Program Files\Java\jdk-17\bin\jli.dll
0x00007ffce8f10000 - 0x00007ffce8f2b000 	C:\Program Files\Java\jdk-17\bin\VCRUNTIME140.dll
0x00007ffd01850000 - 0x00007ffd01904000 	C:\WINDOWS\System32\ADVAPI32.dll
0x00007ffd014e0000 - 0x00007ffd01589000 	C:\WINDOWS\System32\msvcrt.dll
0x00007ffd01a70000 - 0x00007ffd01b16000 	C:\WINDOWS\System32\sechost.dll
0x00007ffd02f90000 - 0x00007ffd030a6000 	C:\WINDOWS\System32\RPCRT4.dll
0x00007ffd01220000 - 0x00007ffd013e9000 	C:\WINDOWS\System32\USER32.dll
0x00007ffd00be0000 - 0x00007ffd00c07000 	C:\WINDOWS\System32\win32u.dll
0x00007ffd014b0000 - 0x00007ffd014da000 	C:\WINDOWS\System32\GDI32.dll
0x00007ffcec4d0000 - 0x00007ffcec760000 	C:\WINDOWS\WinSxS\amd64_microsoft.windows.common-controls_6595b64144ccf1df_6.0.26100.3037_none_3e09262ce333c378\COMCTL32.dll
0x00007ffd00820000 - 0x00007ffd0094b000 	C:\WINDOWS\System32\gdi32full.dll
0x00007ffd00950000 - 0x00007ffd009f3000 	C:\WINDOWS\System32\msvcp_win.dll
0x00007ffcf9ca0000 - 0x00007ffcf9cab000 	C:\WINDOWS\SYSTEM32\VERSION.dll
0x00007ffd030b0000 - 0x00007ffd030df000 	C:\WINDOWS\System32\IMM32.DLL
0x00007ffce8e80000 - 0x00007ffce8e8c000 	C:\Program Files\Java\jdk-17\bin\vcruntime140_1.dll
0x00007ffcda5d0000 - 0x00007ffcda65e000 	C:\Program Files\Java\jdk-17\bin\msvcp140.dll
0x00007ffc54c30000 - 0x00007ffc55810000 	C:\Program Files\Java\jdk-17\bin\server\jvm.dll
0x00007ffd01b20000 - 0x00007ffd01b28000 	C:\WINDOWS\System32\PSAPI.DLL
0x00007ffcd4020000 - 0x00007ffcd402a000 	C:\WINDOWS\SYSTEM32\WSOCK32.dll
0x00007ffcf4800000 - 0x00007ffcf4836000 	C:\WINDOWS\SYSTEM32\WINMM.dll
0x00007ffd016f0000 - 0x00007ffd01764000 	C:\WINDOWS\System32\WS2_32.dll
0x00007ffcff680000 - 0x00007ffcff69a000 	C:\WINDOWS\SYSTEM32\kernel.appcore.dll
0x00007ffce8640000 - 0x00007ffce864a000 	C:\Program Files\Java\jdk-17\bin\jimage.dll
0x00007ffcf3650000 - 0x00007ffcf3891000 	C:\WINDOWS\SYSTEM32\DBGHELP.DLL
0x00007ffd02400000 - 0x00007ffd0277e000 	C:\WINDOWS\System32\combase.dll
0x00007ffd032b0000 - 0x00007ffd03386000 	C:\WINDOWS\System32\OLEAUT32.dll
0x00007ffce5570000 - 0x00007ffce55a9000 	C:\WINDOWS\SYSTEM32\dbgcore.DLL
0x00007ffd00780000 - 0x00007ffd00819000 	C:\WINDOWS\System32\bcryptPrimitives.dll
0x00007ffce6600000 - 0x00007ffce6625000 	C:\Program Files\Java\jdk-17\bin\java.dll
0x00007ffcd39a0000 - 0x00007ffcd3a77000 	C:\Program Files\Java\jdk-17\bin\jsvml.dll
0x00007ffd02790000 - 0x00007ffd02e94000 	C:\WINDOWS\System32\SHELL32.dll
0x00007ffcfe460000 - 0x00007ffcfec97000 	C:\WINDOWS\SYSTEM32\windows.storage.dll
0x00007ffd02ea0000 - 0x00007ffd02f89000 	C:\WINDOWS\System32\SHCORE.dll
0x00007ffd01790000 - 0x00007ffd017ed000 	C:\WINDOWS\System32\shlwapi.dll
0x00007ffd00690000 - 0x00007ffd006be000 	C:\WINDOWS\SYSTEM32\profapi.dll
0x00007ffce85f0000 - 0x00007ffce8609000 	C:\Program Files\Java\jdk-17\bin\net.dll
0x00007ffcfa350000 - 0x00007ffcfa46e000 	C:\WINDOWS\SYSTEM32\WINHTTP.dll
0x00007ffcffb70000 - 0x00007ffcffbda000 	C:\WINDOWS\system32\mswsock.dll
0x00007ffce6d70000 - 0x00007ffce6d86000 	C:\Program Files\Java\jdk-17\bin\nio.dll
0x00007ffce5690000 - 0x00007ffce56a8000 	C:\Program Files\Java\jdk-17\bin\zip.dll
0x00007ffce9420000 - 0x00007ffce942a000 	C:\Program Files\Java\jdk-17\bin\management.dll
0x00007ffce9410000 - 0x00007ffce941b000 	C:\Program Files\Java\jdk-17\bin\management_ext.dll
0x00007ffce9400000 - 0x00007ffce940e000 	C:\Program Files\Java\jdk-17\bin\sunmscapi.dll
0x00007ffd00c10000 - 0x00007ffd00d86000 	C:\WINDOWS\System32\CRYPT32.dll
0x00007ffd00070000 - 0x00007ffd000a0000 	C:\WINDOWS\SYSTEM32\ncrypt.dll
0x00007ffd00020000 - 0x00007ffd0005f000 	C:\WINDOWS\SYSTEM32\NTASN1.dll
0x00007ffcfff20000 - 0x00007ffcfff3c000 	C:\WINDOWS\SYSTEM32\CRYPTSP.dll
0x00007ffcff5e0000 - 0x00007ffcff618000 	C:\WINDOWS\system32\rsaenh.dll
0x00007ffcffc10000 - 0x00007ffcffc3b000 	C:\WINDOWS\SYSTEM32\USERENV.dll
0x00007ffd000b0000 - 0x00007ffd000d6000 	C:\WINDOWS\SYSTEM32\bcrypt.dll
0x00007ffcffda0000 - 0x00007ffcffdac000 	C:\WINDOWS\SYSTEM32\CRYPTBASE.dll
0x00007ffcfef90000 - 0x00007ffcfefc2000 	C:\WINDOWS\SYSTEM32\IPHLPAPI.DLL
0x00007ffd01590000 - 0x00007ffd0159a000 	C:\WINDOWS\System32\NSI.dll
0x00007ffcfab60000 - 0x00007ffcfab7f000 	C:\WINDOWS\SYSTEM32\dhcpcsvc6.DLL
0x00007ffcfa100000 - 0x00007ffcfa125000 	C:\WINDOWS\SYSTEM32\dhcpcsvc.DLL
0x00007ffcff020000 - 0x00007ffcff145000 	C:\WINDOWS\SYSTEM32\DNSAPI.dll
0x00007ffce6d10000 - 0x00007ffce6d20000 	C:\Program Files\Java\jdk-17\bin\verify.dll

dbghelp: loaded successfully - version: 4.0.5 - missing functions: none
symbol engine: initialized successfully - sym options: 0x614 - pdb path: .;C:\Program Files\Java\jdk-17\bin;C:\WINDOWS\SYSTEM32;C:\WINDOWS\WinSxS\amd64_microsoft.windows.common-controls_6595b64144ccf1df_6.0.26100.3037_none_3e09262ce333c378;C:\Program Files\Java\jdk-17\bin\server

VM Arguments:
jvm_args: -XX:TieredStopAtLevel=1 
java_command: com.app.ecommerce_management_api.EcommerceManagementApiApplication
java_class_path (initial): C:\Users\Claudia\Documents\s21-13-n-webapp\ecommerceManagementAPI\target\classes;C:\Users\Claudia\.m2\repository\ch\qos\logback\logback-classic\1.5.16\logback-classic-1.5.16.jar;C:\Users\Claudia\.m2\repository\ch\qos\logback\logback-core\1.5.16\logback-core-1.5.16.jar;C:\Users\Claudia\.m2\repository\org\apache\logging\log4j\log4j-to-slf4j\2.24.3\log4j-to-slf4j-2.24.3.jar;C:\Users\Claudia\.m2\repository\org\apache\logging\log4j\log4j-api\2.24.3\log4j-api-2.24.3.jar;C:\Users\Claudia\.m2\repository\org\slf4j\jul-to-slf4j\2.0.16\jul-to-slf4j-2.0.16.jar;C:\Users\Claudia\.m2\repository\jakarta\annotation\jakarta.annotation-api\2.1.1\jakarta.annotation-api-2.1.1.jar;C:\Users\Claudia\.m2\repository\org\yaml\snakeyaml\2.3\snakeyaml-2.3.jar;C:\Users\Claudia\.m2\repository\com\zaxxer\HikariCP\5.1.0\HikariCP-5.1.0.jar;C:\Users\Claudia\.m2\repository\org\springframework\spring-jdbc\6.2.2\spring-jdbc-6.2.2.jar;C:\Users\Claudia\.m2\repository\org\springframework\data\spring-data-jpa\3.4.2\spring-data-jpa-3.4.2.jar;C:\Users\Claudia\.m2\repository\org\springframework\data\spring-data-commons\3.4.2\spring-data-commons-3.4.2.jar;C:\Users\Claudia\.m2\repository\org\springframework\spring-orm\6.2.2\spring-orm-6.2.2.jar;C:\Users\Claudia\.m2\repository\org\springframework\spring-context\6.2.2\spring-context-6.2.2.jar;C:\Users\Claudia\.m2\repository\org\springframework\spring-tx\6.2.2\spring-tx-6.2.2.jar;C:\Users\Claudia\.m2\repository\org\springframework\spring-beans\6.2.2\spring-beans-6.2.2.jar;C:\Users\Claudia\.m2\repository\org\slf4j\slf4j-api\2.0.16\slf4j-api-2.0.16.jar;C:\Users\Claudia\.m2\repository\org\springframework\spring-aspects\6.2.2\spring-aspects-6.2.2.jar;C:\Users\Claudia\.m2\repository\org\aspectj\aspectjweaver\1.9.22.1\aspectjweaver-1.9.22.1.jar;C:\Users\Claudia\.m2\repository\org\springframework\spring-aop\6.2.2\spring-aop-6.2.2.jar;C:\Users\Claudia\.m2\repository\org\springframework\security\spring-security-config\6.4.2\spring-security-confi
Launcher Type: SUN_STANDARD

[Global flags]
     intx CICompilerCount                          = 4                                         {product} {ergonomic}
     uint ConcGCThreads                            = 3                                         {product} {ergonomic}
     uint G1ConcRefinementThreads                  = 10                                        {product} {ergonomic}
   size_t G1HeapRegionSize                         = 2097152                                   {product} {ergonomic}
    uintx GCDrainStackTargetSize                   = 64                                        {product} {ergonomic}
   size_t InitialHeapSize                          = 266338304                                 {product} {ergonomic}
   size_t MarkStackSize                            = 4194304                                   {product} {ergonomic}
   size_t MaxHeapSize                              = 4246732800                                {product} {ergonomic}
   size_t MaxNewSize                               = 2548039680                                {product} {ergonomic}
   size_t MinHeapDeltaBytes                        = 2097152                                   {product} {ergonomic}
   size_t MinHeapSize                              = 8388608                                   {product} {ergonomic}
    uintx NonProfiledCodeHeapSize                  = 0                                      {pd product} {ergonomic}
     bool ProfileInterpreter                       = false                                  {pd product} {command line}
    uintx ProfiledCodeHeapSize                     = 0                                      {pd product} {ergonomic}
   size_t SoftMaxHeapSize                          = 4246732800                             {manageable} {ergonomic}
     intx TieredStopAtLevel                        = 1                                         {product} {command line}
     bool UseCompressedClassPointers               = true                           {product lp64_product} {ergonomic}
     bool UseCompressedOops                        = true                           {product lp64_product} {ergonomic}
     bool UseG1GC                                  = true                                      {product} {ergonomic}
     bool UseLargePagesIndividualAllocation        = false                                  {pd product} {ergonomic}

Logging:
Log output configuration:
 #0: stdout all=warning uptime,level,tags
 #1: stderr all=off uptime,level,tags

Environment Variables:
JAVA_HOME=C:\Program Files\Java\jdk-17
PATH=C:\Windows\system32;C:\Windows;C:\Windows\System32\Wbem;C:\Windows\System32\WindowsPowerShell\v1.0\;C:\Windows\System32\OpenSSH\;C:\Program Files (x86)\NVIDIA Corporation\PhysX\Common;C:\Program Files\NVIDIA Corporation\NVIDIA NvDLISR;C:\Program Files\Git\cmd;C:\WINDOWS\system32;C:\WINDOWS;C:\WINDOWS\System32\Wbem;C:\WINDOWS\System32\WindowsPowerShell\v1.0\;C:\WINDOWS\System32\OpenSSH\;C:\Program Files\Java\apache-maven-3.9.1\bin\;C:\Program Files (x86)\PuTTY\;C:\Program Files\nodejs\;C:\Program Files\Docker\Docker\resources\bin;C:\Program Files\PostgreSQL\17\bin;C:\Users\Claudia\.jdks\corretto-17.0.14;C:\Users\Claudia\AppData\Local\Microsoft\WindowsApps;C:\Users\Claudia\AppData\Local\Programs\Microsoft VS Code\bin;C:\Users\Claudia\AppData\Roaming\npm;C:\Users\Claudia\nasm-2.16.02rc5;C:\Users\Claudia\mingw64\bin;
USERNAME=Claudia
OS=Windows_NT
PROCESSOR_IDENTIFIER=Intel64 Family 6 Model 151 Stepping 2, GenuineIntel



---------------  S Y S T E M  ---------------

OS:
 Windows 11 , 64 bit Build 26100 (10.0.26100.3037)
OS uptime: 0 days 1:10 hours
Hyper-V role detected

CPU: total 12 (initial active 12) (6 cores per cpu, 2 threads per core) family 6 model 151 stepping 2 microcode 0xf, cx8, cmov, fxsr, ht, mmx, 3dnowpref, sse, sse2, sse3, ssse3, sse4.1, sse4.2, popcnt, lzcnt, tsc, tscinvbit, avx, avx2, aes, erms, clmul, bmi1, bmi2, adx, sha, fma, vzeroupper, clflush, clflushopt, clwb, hv

Memory: 4k page, system-wide physical 16193M (6269M free)
TotalPageFile size 26433M (AvailPageFile size 12567M)
current process WorkingSet (physical memory assigned to process): 185M, peak: 185M
current process commit charge ("private bytes"): 231M, peak: 384M

vm_info: Java HotSpot(TM) 64-Bit Server VM (17.0.12+8-LTS-286) for windows-amd64 JRE (17.0.12+8-LTS-286), built on Jun  5 2024 06:46:59 by "mach5one" with MS VC++ 17.6 (VS2022)

END.
